<?xml version="1.0" encoding="UTF-8"?>
<testng-results skipped="0" failed="0" ignored="0" total="2" passed="2">
  <reporter-output>
  </reporter-output>
  <suite name="Automation Test Framework" duration-ms="37933" started-at="2020-01-28T11:03:23Z" finished-at="2020-01-28T11:04:01Z">
    <groups>
    </groups>
    <test name="Automation Test Framework" duration-ms="37933" started-at="2020-01-28T11:03:23Z" finished-at="2020-01-28T11:04:01Z">
      <class name="com.framework.TestRunner.TestRunner">
        <test-method status="PASS" signature="setUpClass()[pri:0, instance:com.framework.TestRunner.TestRunner@4b952a2d]" name="setUpClass" is-config="true" duration-ms="91" started-at="2020-01-28T11:03:23Z" finished-at="2020-01-28T11:03:23Z">
          <reporter-output>
          </reporter-output>
        </test-method> <!-- setUpClass -->
        <test-method status="PASS" signature="feature(cucumber.api.testng.PickleEventWrapper, cucumber.api.testng.CucumberFeatureWrapper)[pri:0, instance:com.framework.TestRunner.TestRunner@4b952a2d]" name="feature" duration-ms="20092" started-at="2020-01-28T11:03:23Z" data-provider="features" finished-at="2020-01-28T11:03:43Z">
          <params>
            <param index="0">
              <value>
                <![CDATA["YouTube Channel name Validation"]]>
              </value>
            </param>
            <param index="1">
              <value>
                <![CDATA["YouTube Channel name Validation"]]>
              </value>
            </param>
          </params>
          <reporter-output>
          </reporter-output>
        </test-method> <!-- feature -->
        <test-method status="PASS" signature="feature(cucumber.api.testng.PickleEventWrapper, cucumber.api.testng.CucumberFeatureWrapper)[pri:0, instance:com.framework.TestRunner.TestRunner@4b952a2d]" name="feature" duration-ms="17501" started-at="2020-01-28T11:03:43Z" data-provider="features" finished-at="2020-01-28T11:04:01Z">
          <params>
            <param index="0">
              <value>
                <![CDATA["Channel name Validation"]]>
              </value>
            </param>
            <param index="1">
              <value>
                <![CDATA["YouTube Channel name Validation"]]>
              </value>
            </param>
          </params>
          <reporter-output>
          </reporter-output>
        </test-method> <!-- feature -->
        <test-method status="PASS" signature="tearDownClass()[pri:0, instance:com.framework.TestRunner.TestRunner@4b952a2d]" name="tearDownClass" is-config="true" duration-ms="9" started-at="2020-01-28T11:04:01Z" finished-at="2020-01-28T11:04:01Z">
          <reporter-output>
          </reporter-output>
        </test-method> <!-- tearDownClass -->
      </class> <!-- com.framework.TestRunner.TestRunner -->
    </test> <!-- Automation Test Framework -->
  </suite> <!-- Automation Test Framework -->
</testng-results>
